{"message":"no method named `name` found for struct `PropsBuilder<PropsBuilderStep_missing_required_prop_label>` in the current scope","code":{"code":"E0599","explanation":"This error occurs when a method is used on a type which doesn't implement it:\n\nErroneous code example:\n\n```compile_fail,E0599\nstruct Mouth;\n\nlet x = Mouth;\nx.chocolate(); // error: no method named `chocolate` found for type `Mouth`\n               //        in the current scope\n```\n\nIn this case, you need to implement the `chocolate` method to fix the error:\n\n```\nstruct Mouth;\n\nimpl Mouth {\n    fn chocolate(&self) { // We implement the `chocolate` method here.\n        println!(\"Hmmm! I love chocolate!\");\n    }\n}\n\nlet x = Mouth;\nx.chocolate(); // ok!\n```\n"},"level":"error","spans":[{"file_name":"src/main.rs","byte_start":184,"byte_end":194,"line_start":11,"line_end":11,"column_start":10,"column_end":20,"is_primary":false,"text":[{"text":"#[derive(Properties, PartialEq)]","highlight_start":10,"highlight_end":20}],"label":"method `name` not found for this struct","suggested_replacement":null,"suggestion_applicability":null,"expansion":{"span":{"file_name":"src/main.rs","byte_start":184,"byte_end":194,"line_start":11,"line_end":11,"column_start":10,"column_end":20,"is_primary":false,"text":[{"text":"#[derive(Properties, PartialEq)]","highlight_start":10,"highlight_end":20}],"label":null,"suggested_replacement":null,"suggestion_applicability":null,"expansion":null},"macro_decl_name":"#[derive(Properties)]","def_site_span":{"file_name":"/home/conlarm/.cargo/registry/src/index.crates.io-6f17d22bba15001f/yew-macro-0.19.3/src/lib.rs","byte_start":2242,"byte_end":2296,"line_start":94,"line_end":94,"column_start":1,"column_end":55,"is_primary":false,"text":[{"text":"pub fn derive_props(input: TokenStream) -> TokenStream {","highlight_start":1,"highlight_end":55}],"label":null,"suggested_replacement":null,"suggestion_applicability":null,"expansion":null}}},{"file_name":"src/main.rs","byte_start":1321,"byte_end":1325,"line_start":57,"line_end":57,"column_start":24,"column_end":28,"is_primary":true,"text":[{"text":"            <TextInput name=\"username\" handle_onchange={username_changed} />","highlight_start":24,"highlight_end":28}],"label":"method not found in `PropsBuilder<PropsBuilderStep_missing_required_prop_label>`","suggested_replacement":null,"suggestion_applicability":null,"expansion":null}],"children":[{"message":"the method was found for\n- `PropsBuilder<PropsBuilderStep_missing_required_prop_name>`","code":null,"level":"note","spans":[],"children":[],"rendered":null}],"rendered":"\u001b[0m\u001b[1m\u001b[38;5;9merror[E0599]\u001b[0m\u001b[0m\u001b[1m: no method named `name` found for struct `PropsBuilder<PropsBuilderStep_missing_required_prop_label>` in the current scope\u001b[0m\n\u001b[0m  \u001b[0m\u001b[0m\u001b[1m\u001b[38;5;12m--> \u001b[0m\u001b[0msrc/main.rs:57:24\u001b[0m\n\u001b[0m   \u001b[0m\u001b[0m\u001b[1m\u001b[38;5;12m|\u001b[0m\n\u001b[0m\u001b[1m\u001b[38;5;12m11\u001b[0m\u001b[0m \u001b[0m\u001b[0m\u001b[1m\u001b[38;5;12m|\u001b[0m\u001b[0m \u001b[0m\u001b[0m#[derive(Properties, PartialEq)]\u001b[0m\n\u001b[0m   \u001b[0m\u001b[0m\u001b[1m\u001b[38;5;12m| \u001b[0m\u001b[0m         \u001b[0m\u001b[0m\u001b[1m\u001b[38;5;12m----------\u001b[0m\u001b[0m \u001b[0m\u001b[0m\u001b[1m\u001b[38;5;12mmethod `name` not found for this struct\u001b[0m\n\u001b[0m\u001b[1m\u001b[38;5;12m...\u001b[0m\n\u001b[0m\u001b[1m\u001b[38;5;12m57\u001b[0m\u001b[0m \u001b[0m\u001b[0m\u001b[1m\u001b[38;5;12m|\u001b[0m\u001b[0m \u001b[0m\u001b[0m            <TextInput name=\"username\" handle_onchange={username_changed} />\u001b[0m\n\u001b[0m   \u001b[0m\u001b[0m\u001b[1m\u001b[38;5;12m| \u001b[0m\u001b[0m                       \u001b[0m\u001b[0m\u001b[1m\u001b[38;5;9m^^^^\u001b[0m\u001b[0m \u001b[0m\u001b[0m\u001b[1m\u001b[38;5;9mmethod not found in `PropsBuilder<PropsBuilderStep_missing_required_prop_label>`\u001b[0m\n\u001b[0m   \u001b[0m\u001b[0m\u001b[1m\u001b[38;5;12m|\u001b[0m\n\u001b[0m   \u001b[0m\u001b[0m\u001b[1m\u001b[38;5;12m= \u001b[0m\u001b[0m\u001b[1mnote\u001b[0m\u001b[0m: the method was found for\u001b[0m\n\u001b[0m           - `PropsBuilder<PropsBuilderStep_missing_required_prop_name>`\u001b[0m\n\n"}
{"message":"no method named `label` found for struct `PropsBuilder<PropsBuilderStep_missing_required_prop_handle_onchange>` in the current scope","code":{"code":"E0599","explanation":"This error occurs when a method is used on a type which doesn't implement it:\n\nErroneous code example:\n\n```compile_fail,E0599\nstruct Mouth;\n\nlet x = Mouth;\nx.chocolate(); // error: no method named `chocolate` found for type `Mouth`\n               //        in the current scope\n```\n\nIn this case, you need to implement the `chocolate` method to fix the error:\n\n```\nstruct Mouth;\n\nimpl Mouth {\n    fn chocolate(&self) { // We implement the `chocolate` method here.\n        println!(\"Hmmm! I love chocolate!\");\n    }\n}\n\nlet x = Mouth;\nx.chocolate(); // ok!\n```\n"},"level":"error","spans":[{"file_name":"src/main.rs","byte_start":184,"byte_end":194,"line_start":11,"line_end":11,"column_start":10,"column_end":20,"is_primary":false,"text":[{"text":"#[derive(Properties, PartialEq)]","highlight_start":10,"highlight_end":20}],"label":"method `label` not found for this struct","suggested_replacement":null,"suggestion_applicability":null,"expansion":{"span":{"file_name":"src/main.rs","byte_start":184,"byte_end":194,"line_start":11,"line_end":11,"column_start":10,"column_end":20,"is_primary":false,"text":[{"text":"#[derive(Properties, PartialEq)]","highlight_start":10,"highlight_end":20}],"label":null,"suggested_replacement":null,"suggestion_applicability":null,"expansion":null},"macro_decl_name":"#[derive(Properties)]","def_site_span":{"file_name":"/home/conlarm/.cargo/registry/src/index.crates.io-6f17d22bba15001f/yew-macro-0.19.3/src/lib.rs","byte_start":2242,"byte_end":2296,"line_start":94,"line_end":94,"column_start":1,"column_end":55,"is_primary":false,"text":[{"text":"pub fn derive_props(input: TokenStream) -> TokenStream {","highlight_start":1,"highlight_end":55}],"label":null,"suggested_replacement":null,"suggestion_applicability":null,"expansion":null}}},{"file_name":"src/main.rs","byte_start":1401,"byte_end":1406,"line_start":58,"line_end":58,"column_start":27,"column_end":32,"is_primary":true,"text":[{"text":"            <CustomButton label=\"Submit\"/>","highlight_start":27,"highlight_end":32}],"label":"method not found in `PropsBuilder<PropsBuilderStep_missing_required_prop_handle_onchange>`","suggested_replacement":null,"suggestion_applicability":null,"expansion":null}],"children":[{"message":"the method was found for\n- `PropsBuilder<PropsBuilderStep_missing_required_prop_label>`","code":null,"level":"note","spans":[],"children":[],"rendered":null}],"rendered":"\u001b[0m\u001b[1m\u001b[38;5;9merror[E0599]\u001b[0m\u001b[0m\u001b[1m: no method named `label` found for struct `PropsBuilder<PropsBuilderStep_missing_required_prop_handle_onchange>` in the current scope\u001b[0m\n\u001b[0m  \u001b[0m\u001b[0m\u001b[1m\u001b[38;5;12m--> \u001b[0m\u001b[0msrc/main.rs:58:27\u001b[0m\n\u001b[0m   \u001b[0m\u001b[0m\u001b[1m\u001b[38;5;12m|\u001b[0m\n\u001b[0m\u001b[1m\u001b[38;5;12m11\u001b[0m\u001b[0m \u001b[0m\u001b[0m\u001b[1m\u001b[38;5;12m|\u001b[0m\u001b[0m \u001b[0m\u001b[0m#[derive(Properties, PartialEq)]\u001b[0m\n\u001b[0m   \u001b[0m\u001b[0m\u001b[1m\u001b[38;5;12m| \u001b[0m\u001b[0m         \u001b[0m\u001b[0m\u001b[1m\u001b[38;5;12m----------\u001b[0m\u001b[0m \u001b[0m\u001b[0m\u001b[1m\u001b[38;5;12mmethod `label` not found for this struct\u001b[0m\n\u001b[0m\u001b[1m\u001b[38;5;12m...\u001b[0m\n\u001b[0m\u001b[1m\u001b[38;5;12m58\u001b[0m\u001b[0m \u001b[0m\u001b[0m\u001b[1m\u001b[38;5;12m|\u001b[0m\u001b[0m \u001b[0m\u001b[0m            <CustomButton label=\"Submit\"/>\u001b[0m\n\u001b[0m   \u001b[0m\u001b[0m\u001b[1m\u001b[38;5;12m| \u001b[0m\u001b[0m                          \u001b[0m\u001b[0m\u001b[1m\u001b[38;5;9m^^^^^\u001b[0m\u001b[0m \u001b[0m\u001b[0m\u001b[1m\u001b[38;5;9mmethod not found in `PropsBuilder<PropsBuilderStep_missing_required_prop_handle_onchange>`\u001b[0m\n\u001b[0m   \u001b[0m\u001b[0m\u001b[1m\u001b[38;5;12m|\u001b[0m\n\u001b[0m   \u001b[0m\u001b[0m\u001b[1m\u001b[38;5;12m= \u001b[0m\u001b[0m\u001b[1mnote\u001b[0m\u001b[0m: the method was found for\u001b[0m\n\u001b[0m           - `PropsBuilder<PropsBuilderStep_missing_required_prop_label>`\u001b[0m\n\n"}
{"message":"no method named `build` found for struct `PropsBuilder<PropsBuilderStep_missing_required_prop_handle_onchange>` in the current scope","code":{"code":"E0599","explanation":"This error occurs when a method is used on a type which doesn't implement it:\n\nErroneous code example:\n\n```compile_fail,E0599\nstruct Mouth;\n\nlet x = Mouth;\nx.chocolate(); // error: no method named `chocolate` found for type `Mouth`\n               //        in the current scope\n```\n\nIn this case, you need to implement the `chocolate` method to fix the error:\n\n```\nstruct Mouth;\n\nimpl Mouth {\n    fn chocolate(&self) { // We implement the `chocolate` method here.\n        println!(\"Hmmm! I love chocolate!\");\n    }\n}\n\nlet x = Mouth;\nx.chocolate(); // ok!\n```\n"},"level":"error","spans":[{"file_name":"src/main.rs","byte_start":184,"byte_end":194,"line_start":11,"line_end":11,"column_start":10,"column_end":20,"is_primary":false,"text":[{"text":"#[derive(Properties, PartialEq)]","highlight_start":10,"highlight_end":20}],"label":"method `build` not found for this struct","suggested_replacement":null,"suggestion_applicability":null,"expansion":{"span":{"file_name":"src/main.rs","byte_start":184,"byte_end":194,"line_start":11,"line_end":11,"column_start":10,"column_end":20,"is_primary":false,"text":[{"text":"#[derive(Properties, PartialEq)]","highlight_start":10,"highlight_end":20}],"label":null,"suggested_replacement":null,"suggestion_applicability":null,"expansion":null},"macro_decl_name":"#[derive(Properties)]","def_site_span":{"file_name":"/home/conlarm/.cargo/registry/src/index.crates.io-6f17d22bba15001f/yew-macro-0.19.3/src/lib.rs","byte_start":2242,"byte_end":2296,"line_start":94,"line_end":94,"column_start":1,"column_end":55,"is_primary":false,"text":[{"text":"pub fn derive_props(input: TokenStream) -> TokenStream {","highlight_start":1,"highlight_end":55}],"label":null,"suggested_replacement":null,"suggestion_applicability":null,"expansion":null}}},{"file_name":"src/main.rs","byte_start":1547,"byte_end":1556,"line_start":68,"line_end":68,"column_start":18,"column_end":27,"is_primary":true,"text":[{"text":"                <MainTitle /> ","highlight_start":18,"highlight_end":27}],"label":"method not found in `PropsBuilder<PropsBuilderStep_missing_required_prop_handle_onchange>`","suggested_replacement":null,"suggestion_applicability":null,"expansion":null}],"children":[{"message":"the method was found for\n- `PropsBuilder<PropsBuilderStepPropsBuilder>`","code":null,"level":"note","spans":[],"children":[],"rendered":null}],"rendered":"\u001b[0m\u001b[1m\u001b[38;5;9merror[E0599]\u001b[0m\u001b[0m\u001b[1m: no method named `build` found for struct `PropsBuilder<PropsBuilderStep_missing_required_prop_handle_onchange>` in the current scope\u001b[0m\n\u001b[0m  \u001b[0m\u001b[0m\u001b[1m\u001b[38;5;12m--> \u001b[0m\u001b[0msrc/main.rs:68:18\u001b[0m\n\u001b[0m   \u001b[0m\u001b[0m\u001b[1m\u001b[38;5;12m|\u001b[0m\n\u001b[0m\u001b[1m\u001b[38;5;12m11\u001b[0m\u001b[0m \u001b[0m\u001b[0m\u001b[1m\u001b[38;5;12m|\u001b[0m\u001b[0m \u001b[0m\u001b[0m#[derive(Properties, PartialEq)]\u001b[0m\n\u001b[0m   \u001b[0m\u001b[0m\u001b[1m\u001b[38;5;12m| \u001b[0m\u001b[0m         \u001b[0m\u001b[0m\u001b[1m\u001b[38;5;12m----------\u001b[0m\u001b[0m \u001b[0m\u001b[0m\u001b[1m\u001b[38;5;12mmethod `build` not found for this struct\u001b[0m\n\u001b[0m\u001b[1m\u001b[38;5;12m...\u001b[0m\n\u001b[0m\u001b[1m\u001b[38;5;12m68\u001b[0m\u001b[0m \u001b[0m\u001b[0m\u001b[1m\u001b[38;5;12m|\u001b[0m\u001b[0m \u001b[0m\u001b[0m                <MainTitle /> \u001b[0m\n\u001b[0m   \u001b[0m\u001b[0m\u001b[1m\u001b[38;5;12m| \u001b[0m\u001b[0m                 \u001b[0m\u001b[0m\u001b[1m\u001b[38;5;9m^^^^^^^^^\u001b[0m\u001b[0m \u001b[0m\u001b[0m\u001b[1m\u001b[38;5;9mmethod not found in `PropsBuilder<PropsBuilderStep_missing_required_prop_handle_onchange>`\u001b[0m\n\u001b[0m   \u001b[0m\u001b[0m\u001b[1m\u001b[38;5;12m|\u001b[0m\n\u001b[0m   \u001b[0m\u001b[0m\u001b[1m\u001b[38;5;12m= \u001b[0m\u001b[0m\u001b[1mnote\u001b[0m\u001b[0m: the method was found for\u001b[0m\n\u001b[0m           - `PropsBuilder<PropsBuilderStepPropsBuilder>`\u001b[0m\n\n"}
{"message":"aborting due to 3 previous errors","code":null,"level":"error","spans":[],"children":[],"rendered":"\u001b[0m\u001b[1m\u001b[38;5;9merror\u001b[0m\u001b[0m\u001b[1m: aborting due to 3 previous errors\u001b[0m\n\n"}
{"message":"For more information about this error, try `rustc --explain E0599`.","code":null,"level":"failure-note","spans":[],"children":[],"rendered":"\u001b[0m\u001b[1mFor more information about this error, try `rustc --explain E0599`.\u001b[0m\n"}
